Using pre-set license
Built from '2020.3/staging' branch; Version is '2020.3.25f1 (9b9180224418) revision 10195328'; Using compiler version '192528614'; Build Type 'Release'
OS: 'Windows 10  (10.0.19044) 64bit Core' Language: 'en' Physical Memory: 16329 MB
BatchMode: 1, IsHumanControllingUs: 0, StartBugReporterOnCrash: 0, Is64bit: 1, IsPro: 0

COMMAND LINE ARGUMENTS:
C:\Program Files\Unity\Hub\Editor\2020.3.25f1\Editor\Unity.exe
-adb2
-batchMode
-noUpm
-name
AssetImportWorker1
-projectPath
C:/Users/itsju/Documents/UnityProjects/IL2Dials/DialsProject
-logFile
Logs/AssetImportWorker1.log
-srvPort
52729
Successfully changed project path to: C:/Users/itsju/Documents/UnityProjects/IL2Dials/DialsProject
C:/Users/itsju/Documents/UnityProjects/IL2Dials/DialsProject
Using Asset Import Pipeline V2.
Refreshing native plugins compatible for Editor in 80.35 ms, found 3 plugins.
Preloading 0 native plugins for Editor in 0.00 ms.
Initialize engine version: 2020.3.25f1 (9b9180224418)
[Subsystems] Discovering subsystems at path C:/Program Files/Unity/Hub/Editor/2020.3.25f1/Editor/Data/Resources/UnitySubsystems
[Subsystems] Discovering subsystems at path C:/Users/itsju/Documents/UnityProjects/IL2Dials/DialsProject/Assets
GfxDevice: creating device client; threaded=0
Direct3D:
    Version:  Direct3D 11.0 [level 11.1]
    Renderer: NVIDIA GeForce GTX 1070 (ID=0x1b81)
    Vendor:   
    VRAM:     8088 MB
    Driver:   27.21.14.6663
Initialize mono
Mono path[0] = 'C:/Program Files/Unity/Hub/Editor/2020.3.25f1/Editor/Data/Managed'
Mono path[1] = 'C:/Program Files/Unity/Hub/Editor/2020.3.25f1/Editor/Data/MonoBleedingEdge/lib/mono/unityjit'
Mono config path = 'C:/Program Files/Unity/Hub/Editor/2020.3.25f1/Editor/Data/MonoBleedingEdge/etc'
Using monoOptions --debugger-agent=transport=dt_socket,embedding=1,server=y,suspend=n,address=127.0.0.1:56796
Begin MonoManager ReloadAssembly
Registering precompiled unity dll's ...
Register platform support module: C:/Program Files/Unity/Hub/Editor/2020.3.25f1/Editor/Data/PlaybackEngines/WindowsStandaloneSupport/UnityEditor.WindowsStandalone.Extensions.dll
Registered in 0.004424 seconds.
Native extension for WindowsStandalone target not found
Refreshing native plugins compatible for Editor in 50.51 ms, found 3 plugins.
Preloading 0 native plugins for Editor in 0.00 ms.
Mono: successfully reloaded assembly
- Completed reload, in  0.778 seconds
Domain Reload Profiling:
	ReloadAssembly (779ms)
		BeginReloadAssembly (69ms)
			ExecutionOrderSort (0ms)
			DisableScriptedObjects (0ms)
			BackupInstance (0ms)
			ReleaseScriptingObjects (0ms)
			CreateAndSetChildDomain (1ms)
		EndReloadAssembly (511ms)
			LoadAssemblies (65ms)
			RebuildTransferFunctionScriptingTraits (0ms)
			SetupTypeCache (179ms)
			ReleaseScriptCaches (0ms)
			RebuildScriptCaches (34ms)
			SetupLoadedEditorAssemblies (180ms)
				LogAssemblyErrors (0ms)
				InitializePlatformSupportModulesInManaged (4ms)
				SetLoadedEditorAssemblies (0ms)
				RefreshPlugins (51ms)
				BeforeProcessingInitializeOnLoad (12ms)
				ProcessInitializeOnLoadAttributes (84ms)
				ProcessInitializeOnLoadMethodAttributes (28ms)
				AfterProcessingInitializeOnLoad (0ms)
				EditorAssembliesLoaded (0ms)
			ExecutionOrderSort2 (0ms)
			AwakeInstancesAfterBackupRestoration (0ms)
Platform modules already initialized, skipping
Registering precompiled user dll's ...
Registered in 0.008973 seconds.
Begin MonoManager ReloadAssembly
Native extension for WindowsStandalone target not found
Refreshing native plugins compatible for Editor in 50.48 ms, found 3 plugins.
Preloading 0 native plugins for Editor in 0.00 ms.
Mono: successfully reloaded assembly
- Completed reload, in  1.688 seconds
Domain Reload Profiling:
	ReloadAssembly (1689ms)
		BeginReloadAssembly (185ms)
			ExecutionOrderSort (0ms)
			DisableScriptedObjects (5ms)
			BackupInstance (0ms)
			ReleaseScriptingObjects (0ms)
			CreateAndSetChildDomain (22ms)
		EndReloadAssembly (1410ms)
			LoadAssemblies (205ms)
			RebuildTransferFunctionScriptingTraits (0ms)
			SetupTypeCache (438ms)
			ReleaseScriptCaches (0ms)
			RebuildScriptCaches (74ms)
			SetupLoadedEditorAssemblies (504ms)
				LogAssemblyErrors (0ms)
				InitializePlatformSupportModulesInManaged (4ms)
				SetLoadedEditorAssemblies (0ms)
				RefreshPlugins (51ms)
				BeforeProcessingInitializeOnLoad (135ms)
				ProcessInitializeOnLoadAttributes (277ms)
				ProcessInitializeOnLoadMethodAttributes (22ms)
				AfterProcessingInitializeOnLoad (15ms)
				EditorAssembliesLoaded (1ms)
			ExecutionOrderSort2 (0ms)
			AwakeInstancesAfterBackupRestoration (11ms)
Platform modules already initialized, skipping
========================================================================
Worker process is ready to serve import requests
Launched and connected shader compiler UnityShaderCompiler.exe after 0.11 seconds
Refreshing native plugins compatible for Editor in 0.79 ms, found 3 plugins.
Preloading 0 native plugins for Editor in 0.00 ms.
Unloading 2269 Unused Serialized files (Serialized files now loaded: 0)
System memory in use before: 113.4 MB.
System memory in use after: 78.2 MB.

Unloading 29 unused Assets to reduce memory usage. Loaded Objects now: 2719.
Total: 30.428800 ms (FindLiveObjects: 2.960900 ms CreateObjectMapping: 1.510800 ms MarkObjects: 25.914900 ms  DeleteObjects: 0.026000 ms)

AssetImportParameters requested are different than current active one (requested -> active):
  custom:framework-win-MediaFoundation: 216162199b28c13a410421893ffa2e32 -> 
  custom:video-decoder-ogg-theora: a1e56fd34408186e4bbccfd4996cb3dc -> 
  custom:container-muxer-webm: aa71ff27fc2769a1b78a27578f13a17b -> 
  custom:container-demuxer-webm: 4f35f7cbe854078d1ac9338744f61a02 -> 
  custom:container-demuxer-ogg: 62fdf1f143b41e24485cea50d1cbac27 -> 
  custom:video-encoder-webm-vp8: eb34c28f22e8b96e1ab97ce403110664 -> 
  custom:video-decoder-webm-vp8: 9c59270c3fd7afecdb556c50c9e8de78 -> 
  custom:audio-decoder-ogg-vorbis: bf7c407c2cedff20999df2af8eb42d56 -> 
  custom:audio-encoder-webm-vorbis: bf7c407c2cedff20999df2af8eb42d56 -> 
========================================================================
Received Import Request.
  path: Assets/Resources/Prefabs/ITA.prefab
  artifactKey: Guid(d491f7c534293844da0d3ba4b0aab9e4) Importer(815301076,1909f56bfc062723c751e8b465ee728b)
Start importing Assets/Resources/Prefabs/ITA.prefab using Guid(d491f7c534293844da0d3ba4b0aab9e4) Importer(815301076,1909f56bfc062723c751e8b465ee728b)  -> (artifact id: 'b496bfb508a9bb6e20995499b1a4eaef') in 0.162415 seconds 
  Import took 0.167567 seconds .

========================================================================
Received Import Request.
  Time since last request: 11.576513 seconds.
  path: Assets/Resources/Prefabs/ITA.prefab
  artifactKey: Guid(d491f7c534293844da0d3ba4b0aab9e4) Importer(815301076,1909f56bfc062723c751e8b465ee728b)
Start importing Assets/Resources/Prefabs/ITA.prefab using Guid(d491f7c534293844da0d3ba4b0aab9e4) Importer(815301076,1909f56bfc062723c751e8b465ee728b)  -> (artifact id: 'db67e66d9b7244816de454d42cfa79a2') in 0.025019 seconds 
  Import took 0.030701 seconds .

========================================================================
Received Import Request.
  Time since last request: 5.608038 seconds.
  path: Assets/Resources/Prefabs/ITA.prefab
  artifactKey: Guid(d491f7c534293844da0d3ba4b0aab9e4) Importer(815301076,1909f56bfc062723c751e8b465ee728b)
Start importing Assets/Resources/Prefabs/ITA.prefab using Guid(d491f7c534293844da0d3ba4b0aab9e4) Importer(815301076,1909f56bfc062723c751e8b465ee728b)  -> (artifact id: '43ad6244151d243c97f805f61bad4ad6') in 0.026188 seconds 
  Import took 0.034285 seconds .

========================================================================
Received Import Request.
  Time since last request: 4.554386 seconds.
  path: Assets/Resources/Textures/Airforce Icons/ITA ICON.png
  artifactKey: Guid(bdc931e76fc932a48962e39261b83ac1) Importer(815301076,1909f56bfc062723c751e8b465ee728b)
Start importing Assets/Resources/Textures/Airforce Icons/ITA ICON.png using Guid(bdc931e76fc932a48962e39261b83ac1) Importer(815301076,1909f56bfc062723c751e8b465ee728b)  -> (artifact id: 'ad144ca28eb72138ce4f2e84105a65a2') in 0.821988 seconds 
  Import took 0.869830 seconds .

========================================================================
Received Import Request.
  Time since last request: 0.000204 seconds.
  path: Assets/Resources/Textures/ITA/Manifold/ITA Manifold A.png
  artifactKey: Guid(aecfba1a56190e444a79a71f32629bc2) Importer(815301076,1909f56bfc062723c751e8b465ee728b)
Start importing Assets/Resources/Textures/ITA/Manifold/ITA Manifold A.png using Guid(aecfba1a56190e444a79a71f32629bc2) Importer(815301076,1909f56bfc062723c751e8b465ee728b)  -> (artifact id: 'd01fdcf9175ed58e0bcab3c9da22e2e2') in 0.140416 seconds 
  Import took 0.144149 seconds .

========================================================================
Received Import Request.
  Time since last request: 0.000172 seconds.
  path: Assets/Resources/Textures/ITA/Manifold/ITA Manifold A Chevrons.png
  artifactKey: Guid(7fa04278f61d53f4eb6d270599f78079) Importer(815301076,1909f56bfc062723c751e8b465ee728b)
Start importing Assets/Resources/Textures/ITA/Manifold/ITA Manifold A Chevrons.png using Guid(7fa04278f61d53f4eb6d270599f78079) Importer(815301076,1909f56bfc062723c751e8b465ee728b)  -> (artifact id: 'ca504895beebcf8b3f722ff0733e30cc') in 0.047811 seconds 
  Import took 0.062144 seconds .

========================================================================
Received Import Request.
  Time since last request: 3.777701 seconds.
  path: Assets/Resources/Prefabs/ITA.prefab
  artifactKey: Guid(d491f7c534293844da0d3ba4b0aab9e4) Importer(815301076,1909f56bfc062723c751e8b465ee728b)
Start importing Assets/Resources/Prefabs/ITA.prefab using Guid(d491f7c534293844da0d3ba4b0aab9e4) Importer(815301076,1909f56bfc062723c751e8b465ee728b)  -> (artifact id: 'dc73b5bd75cf587e255840478f2e7241') in 0.034710 seconds 
  Import took 0.039775 seconds .

========================================================================
Received Import Request.
  Time since last request: 8.301930 seconds.
  path: Assets/Resources/Prefabs/ITA.prefab
  artifactKey: Guid(d491f7c534293844da0d3ba4b0aab9e4) Importer(815301076,1909f56bfc062723c751e8b465ee728b)
Start importing Assets/Resources/Prefabs/ITA.prefab using Guid(d491f7c534293844da0d3ba4b0aab9e4) Importer(815301076,1909f56bfc062723c751e8b465ee728b)  -> (artifact id: '3f346a0fa062665f783bc428dbaffe99') in 0.037895 seconds 
  Import took 0.048834 seconds .

========================================================================
Received Import Request.
  Time since last request: 5.999048 seconds.
  path: Assets/Resources/Prefabs/ITA.prefab
  artifactKey: Guid(d491f7c534293844da0d3ba4b0aab9e4) Importer(815301076,1909f56bfc062723c751e8b465ee728b)
Start importing Assets/Resources/Prefabs/ITA.prefab using Guid(d491f7c534293844da0d3ba4b0aab9e4) Importer(815301076,1909f56bfc062723c751e8b465ee728b)  -> (artifact id: 'd532dbfaa3021bc7ad847ec34d2e0cdc') in 0.039911 seconds 
  Import took 0.046620 seconds .

========================================================================
Received Import Request.
  Time since last request: 76.582012 seconds.
  path: Assets/Resources/Prefabs/ITA.prefab
  artifactKey: Guid(d491f7c534293844da0d3ba4b0aab9e4) Importer(815301076,1909f56bfc062723c751e8b465ee728b)
Start importing Assets/Resources/Prefabs/ITA.prefab using Guid(d491f7c534293844da0d3ba4b0aab9e4) Importer(815301076,1909f56bfc062723c751e8b465ee728b)  -> (artifact id: 'dbbd004b69824d6bff29b8eacf93c7b9') in 0.059889 seconds 
  Import took 0.067216 seconds .

========================================================================
Received Prepare
Registering precompiled user dll's ...
Registered in 0.010369 seconds.
Begin MonoManager ReloadAssembly
Native extension for WindowsStandalone target not found
Refreshing native plugins compatible for Editor in 1.05 ms, found 3 plugins.
Preloading 0 native plugins for Editor in 0.00 ms.
Mono: successfully reloaded assembly
- Completed reload, in  1.764 seconds
Domain Reload Profiling:
	ReloadAssembly (1765ms)
		BeginReloadAssembly (196ms)
			ExecutionOrderSort (0ms)
			DisableScriptedObjects (26ms)
			BackupInstance (0ms)
			ReleaseScriptingObjects (0ms)
			CreateAndSetChildDomain (50ms)
		EndReloadAssembly (1486ms)
			LoadAssemblies (127ms)
			RebuildTransferFunctionScriptingTraits (0ms)
			SetupTypeCache (441ms)
			ReleaseScriptCaches (1ms)
			RebuildScriptCaches (316ms)
			SetupLoadedEditorAssemblies (418ms)
				LogAssemblyErrors (0ms)
				InitializePlatformSupportModulesInManaged (6ms)
				SetLoadedEditorAssemblies (1ms)
				RefreshPlugins (1ms)
				BeforeProcessingInitializeOnLoad (131ms)
				ProcessInitializeOnLoadAttributes (252ms)
				ProcessInitializeOnLoadMethodAttributes (14ms)
				AfterProcessingInitializeOnLoad (13ms)
				EditorAssembliesLoaded (0ms)
			ExecutionOrderSort2 (0ms)
			AwakeInstancesAfterBackupRestoration (12ms)
Platform modules already initialized, skipping
Refreshing native plugins compatible for Editor in 0.74 ms, found 3 plugins.
Preloading 0 native plugins for Editor in 0.00 ms.
Unloading 2244 Unused Serialized files (Serialized files now loaded: 0)
System memory in use before: 114.6 MB.
System memory in use after: 114.8 MB.

Unloading 20 unused Assets to reduce memory usage. Loaded Objects now: 2727.
Total: 3.718000 ms (FindLiveObjects: 0.258100 ms CreateObjectMapping: 0.203100 ms MarkObjects: 3.230700 ms  DeleteObjects: 0.025200 ms)

AssetImportParameters requested are different than current active one (requested -> active):
  custom:framework-win-MediaFoundation: 216162199b28c13a410421893ffa2e32 -> 
  custom:video-decoder-ogg-theora: a1e56fd34408186e4bbccfd4996cb3dc -> 
  custom:container-muxer-webm: aa71ff27fc2769a1b78a27578f13a17b -> 
  custom:container-demuxer-webm: 4f35f7cbe854078d1ac9338744f61a02 -> 
  custom:container-demuxer-ogg: 62fdf1f143b41e24485cea50d1cbac27 -> 
  custom:video-encoder-webm-vp8: eb34c28f22e8b96e1ab97ce403110664 -> 
  custom:video-decoder-webm-vp8: 9c59270c3fd7afecdb556c50c9e8de78 -> 
  custom:audio-decoder-ogg-vorbis: bf7c407c2cedff20999df2af8eb42d56 -> 
  custom:audio-encoder-webm-vorbis: bf7c407c2cedff20999df2af8eb42d56 -> 
========================================================================
Received Import Request.
  Time since last request: 1446.631959 seconds.
  path: Assets/Resources/Textures/US/Altimeter/altimeterUS.png
  artifactKey: Guid(45a612a5cfed8bd4a8a00449726ffc82) Importer(815301076,1909f56bfc062723c751e8b465ee728b)
Start importing Assets/Resources/Textures/US/Altimeter/altimeterUS.png using Guid(45a612a5cfed8bd4a8a00449726ffc82) Importer(815301076,1909f56bfc062723c751e8b465ee728b)  -> (artifact id: '9047c6d19b612a23d77199b51e03d33f') in 0.103445 seconds 
  Import took 0.110895 seconds .

========================================================================
Received Import Request.
  Time since last request: 0.000169 seconds.
  path: Assets/Resources/Textures/UK/Repeater Compass/back.png
  artifactKey: Guid(7d3bf25f58787c246b0dd3523607b25f) Importer(815301076,1909f56bfc062723c751e8b465ee728b)
Start importing Assets/Resources/Textures/UK/Repeater Compass/back.png using Guid(7d3bf25f58787c246b0dd3523607b25f) Importer(815301076,1909f56bfc062723c751e8b465ee728b)  -> (artifact id: 'e9d3617e66ec092699408c3079d2eacf') in 0.029742 seconds 
  Import took 0.033676 seconds .

========================================================================
Received Import Request.
  Time since last request: 0.000184 seconds.
  path: Assets/Resources/Textures/UI/back.png
  artifactKey: Guid(f9b81bf391c529e4c8918934fafa2639) Importer(815301076,1909f56bfc062723c751e8b465ee728b)
Start importing Assets/Resources/Textures/UI/back.png using Guid(f9b81bf391c529e4c8918934fafa2639) Importer(815301076,1909f56bfc062723c751e8b465ee728b)  -> (artifact id: '0a794bb9803832ccca262f9c77b5c29d') in 0.042901 seconds 
  Import took 0.047639 seconds .

========================================================================
Received Import Request.
  Time since last request: 5.104993 seconds.
  path: Assets/Resources/Textures/US/RPM/MArkings/Green Mark US.png
  artifactKey: Guid(91512fa7e5c23b344829141317d4deca) Importer(815301076,1909f56bfc062723c751e8b465ee728b)
Start importing Assets/Resources/Textures/US/RPM/MArkings/Green Mark US.png using Guid(91512fa7e5c23b344829141317d4deca) Importer(815301076,1909f56bfc062723c751e8b465ee728b)  -> (artifact id: '2c3ceaca62b37b8cdcd672d77fcf6067') in 0.103633 seconds 
  Import took 0.108626 seconds .

========================================================================
Received Import Request.
  Time since last request: 1.303127 seconds.
  path: Assets/Resources/Textures/RU/Turn Coordinator/ball.png
  artifactKey: Guid(7d37c59a4a7a3f344839201a70576c74) Importer(815301076,1909f56bfc062723c751e8b465ee728b)
Start importing Assets/Resources/Textures/RU/Turn Coordinator/ball.png using Guid(7d37c59a4a7a3f344839201a70576c74) Importer(815301076,1909f56bfc062723c751e8b465ee728b)  -> (artifact id: '0bf94855d36de4b27b40c6e26229bebe') in 0.024483 seconds 
  Import took 0.030860 seconds .

========================================================================
Received Import Request.
  Time since last request: 3.251835 seconds.
  path: Assets/Resources/Prefabs/US.prefab
  artifactKey: Guid(01623818f6c7e2943b3f1fc348e8458d) Importer(815301076,1909f56bfc062723c751e8b465ee728b)
Start importing Assets/Resources/Prefabs/US.prefab using Guid(01623818f6c7e2943b3f1fc348e8458d) Importer(815301076,1909f56bfc062723c751e8b465ee728b)  -> (artifact id: 'af0919a65df27957e7fa96ef66b5082d') in 0.108382 seconds 
  Import took 0.118305 seconds .

AssetImportWorkerClient::OnTransportError - code=2 error=End of file
